-------------------------------------------------------------------------------
Test set: Bing search functionality
-------------------------------------------------------------------------------
Tests run: 2, Failures: 1, Errors: 0, Skipped: 0, Time elapsed: 73.412 s <<< FAILURE! - in Bing search functionality
Bing search functionality.Search result title verification #2  Time elapsed: 26.379 s  <<< FAILURE!
org.junit.ComparisonFailure: expected:<[O]range - Search> but was:<[o]range - Search>

