-------------------------------------------------------------------------------
Test set: Wiki search features
-------------------------------------------------------------------------------
Tests run: 9, Failures: 1, Errors: 0, Skipped: 0, Time elapsed: 120.972 s <<< FAILURE! - in Wiki search features
Wiki search features.Wikipedia Search Functionality with Scenario Outline #2  Time elapsed: 13.522 s  <<< FAILURE!
org.junit.ComparisonFailure: expected:<[Search results]> but was:<[Marry Barra]>

